<?xml version="1.0" encoding="UTF-8"?>
<!-- Generated by org.testng.reporters.JUnitReportReporter -->
<testsuite skipped="0" hostname="DESKTOP-504DH91" name="xyz.Tests.ContactsTest" tests="1" failures="0" timestamp="2021-11-10T15:20:32 IST" time="0.014" errors="0">
  <testcase name="create" time="0.014" classname="xyz.Tests.ContactsTest"/>
  <system-out/>
</testsuite> <!-- xyz.Tests.ContactsTest -->
