<?xml version="1.0" encoding="UTF-8"?>
<!-- Generated by org.testng.reporters.JUnitReportReporter -->
<testsuite skipped="0" hostname="DESKTOP-504DH91" name="xyz.Tests.LeadsTest" tests="1" failures="0" timestamp="2021-11-10T17:53:28 IST" time="0.002" errors="0">
  <testcase name="leadsTest" time="0.002" classname="xyz.Tests.LeadsTest"/>
  <system-out/>
</testsuite> <!-- xyz.Tests.LeadsTest -->
