<?xml version="1.0" encoding="UTF-8"?>
<!-- Generated by org.testng.reporters.JUnitReportReporter -->
<testsuite skipped="0" hostname="DESKTOP-504DH91" name="xyz.Tests.OrganizationTest" tests="1" failures="0" timestamp="2021-11-10T17:53:28 IST" time="0.011" errors="0">
  <testcase name="organizationTest" time="0.011" classname="xyz.Tests.OrganizationTest"/>
  <system-out/>
</testsuite> <!-- xyz.Tests.OrganizationTest -->
