<?xml version="1.0" encoding="UTF-8"?>
<!-- Generated by org.testng.reporters.JUnitReportReporter -->
<testsuite skipped="0" hostname="DESKTOP-504DH91" name="xyz.Tests.ReadDataFromCmdTest" tests="1" failures="0" timestamp="2021-11-10T17:55:27 IST" time="0.012" errors="0">
  <testcase name="readData" time="0.012" classname="xyz.Tests.ReadDataFromCmdTest"/>
  <system-out/>
</testsuite> <!-- xyz.Tests.ReadDataFromCmdTest -->
